Invalid port. Exiting...
Invalid port. Exiting...
Invalid port. Exiting...
1571082125188	mozrunner::runner	INFO	Running command: "/Applications/Firefox.app/Contents/MacOS/firefox-bin" "-marionette" "-foreground" "-no-remote" "-profile" "/var/folders/4t/y3_nmb0x3r72x_dgy7c8n6wc0000gn/T/rust_mozprofile.JGXPHuKneNOv"
1571082125610	addons.webextension.screenshots@mozilla.org	WARN	Loading extension 'screenshots@mozilla.org': Reading manifest: Invalid extension permission: mozillaAddons
1571082125610	addons.webextension.screenshots@mozilla.org	WARN	Loading extension 'screenshots@mozilla.org': Reading manifest: Invalid extension permission: telemetry
1571082125610	addons.webextension.screenshots@mozilla.org	WARN	Loading extension 'screenshots@mozilla.org': Reading manifest: Invalid extension permission: resource://pdf.js/
1571082125610	addons.webextension.screenshots@mozilla.org	WARN	Loading extension 'screenshots@mozilla.org': Reading manifest: Invalid extension permission: about:reader*
1571082127103	Marionette	INFO	Listening on port 54056
1571082127128	Marionette	WARN	TLS certificate errors will be ignored for this session
1571082134577	Marionette	INFO	Stopped listening on port 54056
1571118694608	mozrunner::runner	INFO	Running command: "/Applications/Firefox.app/Contents/MacOS/firefox-bin" "-marionette" "-foreground" "-no-remote" "-profile" "/var/folders/4t/y3_nmb0x3r72x_dgy7c8n6wc0000gn/T/rust_mozprofile.ooGrH6yUuPuZ"
1571118695279	addons.webextension.screenshots@mozilla.org	WARN	Loading extension 'screenshots@mozilla.org': Reading manifest: Invalid extension permission: mozillaAddons
1571118695280	addons.webextension.screenshots@mozilla.org	WARN	Loading extension 'screenshots@mozilla.org': Reading manifest: Invalid extension permission: telemetry
1571118695280	addons.webextension.screenshots@mozilla.org	WARN	Loading extension 'screenshots@mozilla.org': Reading manifest: Invalid extension permission: resource://pdf.js/
1571118695280	addons.webextension.screenshots@mozilla.org	WARN	Loading extension 'screenshots@mozilla.org': Reading manifest: Invalid extension permission: about:reader*
1571118697203	Marionette	INFO	Listening on port 62498
1571118697274	Marionette	WARN	TLS certificate errors will be ignored for this session
1571118703236	Marionette	INFO	Stopped listening on port 62498
1571118733719	mozrunner::runner	INFO	Running command: "/Applications/Firefox.app/Contents/MacOS/firefox-bin" "-marionette" "-foreground" "-no-remote" "-profile" "/var/folders/4t/y3_nmb0x3r72x_dgy7c8n6wc0000gn/T/rust_mozprofile.gLJX39IYt2Br"
1571118734181	addons.webextension.screenshots@mozilla.org	WARN	Loading extension 'screenshots@mozilla.org': Reading manifest: Invalid extension permission: mozillaAddons
1571118734181	addons.webextension.screenshots@mozilla.org	WARN	Loading extension 'screenshots@mozilla.org': Reading manifest: Invalid extension permission: telemetry
1571118734181	addons.webextension.screenshots@mozilla.org	WARN	Loading extension 'screenshots@mozilla.org': Reading manifest: Invalid extension permission: resource://pdf.js/
1571118734181	addons.webextension.screenshots@mozilla.org	WARN	Loading extension 'screenshots@mozilla.org': Reading manifest: Invalid extension permission: about:reader*
1571118735676	Marionette	INFO	Listening on port 62595
1571118735759	Marionette	WARN	TLS certificate errors will be ignored for this session
1571118740587	Marionette	INFO	Stopped listening on port 62595
1571118796299	mozrunner::runner	INFO	Running command: "/Applications/Firefox.app/Contents/MacOS/firefox-bin" "-marionette" "-foreground" "-no-remote" "-profile" "/var/folders/4t/y3_nmb0x3r72x_dgy7c8n6wc0000gn/T/rust_mozprofile.7IWuISeVcCYA"
1571118796718	addons.webextension.screenshots@mozilla.org	WARN	Loading extension 'screenshots@mozilla.org': Reading manifest: Invalid extension permission: mozillaAddons
1571118796718	addons.webextension.screenshots@mozilla.org	WARN	Loading extension 'screenshots@mozilla.org': Reading manifest: Invalid extension permission: telemetry
1571118796718	addons.webextension.screenshots@mozilla.org	WARN	Loading extension 'screenshots@mozilla.org': Reading manifest: Invalid extension permission: resource://pdf.js/
1571118796718	addons.webextension.screenshots@mozilla.org	WARN	Loading extension 'screenshots@mozilla.org': Reading manifest: Invalid extension permission: about:reader*
1571118798216	Marionette	INFO	Listening on port 62690
1571118798235	Marionette	WARN	TLS certificate errors will be ignored for this session
1571118803640	Marionette	INFO	Stopped listening on port 62690
